Tue Dec 17 15:37:18 IST 2013
Host name:	
webonise-desktop
Version of the operating system:	
Linux 3.5.0-23-generic x86_64
Path to the home directory is:	
/home/webonise
List of logged in users is:	
webonise tty7 2013-12-17 13:29 webonise pts/1 2013-12-17 13:35 (:0.0) webonise pts/2 2013-12-17 13:59 (:0.0) webonise pts/3 2013-12-17 14:36 (:0.0) webonise pts/4 2013-12-17 14:56 (:0.0) webonise pts/5 2013-12-17 15:26 (:0.0) webonise pts/6 2013-12-17 15:29 (:0.0) webonise pts/8 2013-12-17 15:31 (:0.0)
Groups:
webonise adm cdrom sudo dip plugdev lpadmin sambashare
List of files:	 .:
assignment.log
assignment.log20131217_152302
DELIMITER
Desktop
Documents
download.php?xampp-linux-1.7.3a.tar.gz
Downloads
END
examples.desktop
<invalid path>
<invalid path>.layout
list.txt
Music
myshell.sh
myshell.sh~
newlog
Pictures
Public
skype-ubuntu-precise_4.1.0.20-1_amd64.deb
skype-ubuntu-precise_4.1.0.20-1_i386.deb
skype-ubuntu-precise_4.1.0.20-1_i386.deb.1
store.sh
store.sh~
Templates
Videos

./Desktop:
a.out
binding.rb
class.smtp.php
College.java
data.txt
data.txt~
init.cpp
init.cpp~
main.cpp
main.cpp~
myClass.php
parse.cpp
parse.cpp~
regx.cpp
regx.cpp~
regximpl.cpp
regximpl.cpp~
Student.java

./Documents:
assignment 2.odt
data.ods

./Downloads:
4kvideodownloader_3.0-1_amd64.deb
assignment 2 (1).odt
assignment 2.odt
boost_1_55_0.tar.gz
compiler.design.in.c.docs.pdf
Pawan Mantri Sql Notes.tar.gz
regex.pdf
WEBONISE JOINING DOCKET_New(2) (1).docx
WEBONISE JOINING DOCKET_New(2).docx

./Music:

./Pictures:

./Public:

./Templates:

./Videos:
4K Video Downloader

./Videos/4K Video Downloader:
